This is pdfTeX, Version 3.14159265-2.6-1.40.20 (TeX Live 2019) (preloaded format=pdflatex 2019.5.8)  25 AUG 2021 12:50
entering extended mode
 restricted \write18 enabled.
 file:line:error style messages enabled.
 %&-line parsing enabled.
**Draft_v05.tex
(./Draft_v05.tex
LaTeX2e <2018-12-01>
(/usr/local/texlive/2019/texmf-dist/tex/latex/base/article.cls
Document Class: article 2018/09/03 v1.4i Standard LaTeX document class
(/usr/local/texlive/2019/texmf-dist/tex/latex/base/size10.clo
File: size10.clo 2018/09/03 v1.4i Standard LaTeX file (size option)
)
\c@part=\count80
\c@section=\count81
\c@subsection=\count82
\c@subsubsection=\count83
\c@paragraph=\count84
\c@subparagraph=\count85
\c@figure=\count86
\c@table=\count87
\abovecaptionskip=\skip41
\belowcaptionskip=\skip42
\bibindent=\dimen102
)
(/usr/local/texlive/2019/texmf-dist/tex/latex/caption/caption.sty
Package: caption 2018/10/06 v3.3-154 Customizing captions (AR)

(/usr/local/texlive/2019/texmf-dist/tex/latex/caption/caption3.sty
Package: caption3 2018/09/12 v1.8c caption3 kernel (AR)
Package caption3 Info: TeX engine: e-TeX on input line 64.

(/usr/local/texlive/2019/texmf-dist/tex/latex/graphics/keyval.sty
Package: keyval 2014/10/28 v1.15 key=value parser (DPC)
\KV@toks@=\toks14
)
\captionmargin=\dimen103
\captionmargin@=\dimen104
\captionwidth=\dimen105
\caption@tempdima=\dimen106
\caption@indent=\dimen107
\caption@parindent=\dimen108
\caption@hangindent=\dimen109
)
\c@caption@flags=\count88
\c@ContinuedFloat=\count89
)
(/usr/local/texlive/2019/texmf-dist/tex/latex/caption/subcaption.sty
Package: subcaption 2018/05/01 v1.1-162 Sub-captions (AR)
\c@subfigure=\count90
\c@subtable=\count91
)
(/usr/local/texlive/2019/texmf-dist/tex/latex/graphics/graphicx.sty
Package: graphicx 2017/06/01 v1.1a Enhanced LaTeX Graphics (DPC,SPQR)

(/usr/local/texlive/2019/texmf-dist/tex/latex/graphics/graphics.sty
Package: graphics 2017/06/25 v1.2c Standard LaTeX Graphics (DPC,SPQR)

(/usr/local/texlive/2019/texmf-dist/tex/latex/graphics/trig.sty
Package: trig 2016/01/03 v1.10 sin cos tan (DPC)
)
(/usr/local/texlive/2019/texmf-dist/tex/latex/graphics-cfg/graphics.cfg
File: graphics.cfg 2016/06/04 v1.11 sample graphics configuration
)
Package graphics Info: Driver file: pdftex.def on input line 99.

(/usr/local/texlive/2019/texmf-dist/tex/latex/graphics-def/pdftex.def
File: pdftex.def 2018/01/08 v1.0l Graphics/color driver for pdftex
))
\Gin@req@height=\dimen110
\Gin@req@width=\dimen111
)
(/usr/local/texlive/2019/texmf-dist/tex/latex/amsmath/amsmath.sty
Package: amsmath 2018/12/01 v2.17b AMS math features
\@mathmargin=\skip43

For additional information on amsmath, use the `?' option.
(/usr/local/texlive/2019/texmf-dist/tex/latex/amsmath/amstext.sty
Package: amstext 2000/06/29 v2.01 AMS text

(/usr/local/texlive/2019/texmf-dist/tex/latex/amsmath/amsgen.sty
File: amsgen.sty 1999/11/30 v2.0 generic functions
\@emptytoks=\toks15
\ex@=\dimen112
))
(/usr/local/texlive/2019/texmf-dist/tex/latex/amsmath/amsbsy.sty
Package: amsbsy 1999/11/29 v1.2d Bold Symbols
\pmbraise@=\dimen113
)
(/usr/local/texlive/2019/texmf-dist/tex/latex/amsmath/amsopn.sty
Package: amsopn 2016/03/08 v2.02 operator names
)
\inf@bad=\count92
LaTeX Info: Redefining \frac on input line 223.
\uproot@=\count93
\leftroot@=\count94
LaTeX Info: Redefining \overline on input line 385.
\classnum@=\count95
\DOTSCASE@=\count96
LaTeX Info: Redefining \ldots on input line 482.
LaTeX Info: Redefining \dots on input line 485.
LaTeX Info: Redefining \cdots on input line 606.
\Mathstrutbox@=\box27
\strutbox@=\box28
\big@size=\dimen114
LaTeX Font Info:    Redeclaring font encoding OML on input line 729.
LaTeX Font Info:    Redeclaring font encoding OMS on input line 730.
\macc@depth=\count97
\c@MaxMatrixCols=\count98
\dotsspace@=\muskip10
\c@parentequation=\count99
\dspbrk@lvl=\count100
\tag@help=\toks16
\row@=\count101
\column@=\count102
\maxfields@=\count103
\andhelp@=\toks17
\eqnshift@=\dimen115
\alignsep@=\dimen116
\tagshift@=\dimen117
\tagwidth@=\dimen118
\totwidth@=\dimen119
\lineht@=\dimen120
\@envbody=\toks18
\multlinegap=\skip44
\multlinetaggap=\skip45
\mathdisplay@stack=\toks19
LaTeX Info: Redefining \[ on input line 2844.
LaTeX Info: Redefining \] on input line 2845.
)
(./Draft_v05.aux)
\openout1 = `Draft_v05.aux'.

LaTeX Font Info:    Checking defaults for OML/cmm/m/it on input line 10.
LaTeX Font Info:    ... okay on input line 10.
LaTeX Font Info:    Checking defaults for T1/cmr/m/n on input line 10.
LaTeX Font Info:    ... okay on input line 10.
LaTeX Font Info:    Checking defaults for OT1/cmr/m/n on input line 10.
LaTeX Font Info:    ... okay on input line 10.
LaTeX Font Info:    Checking defaults for OMS/cmsy/m/n on input line 10.
LaTeX Font Info:    ... okay on input line 10.
LaTeX Font Info:    Checking defaults for OMX/cmex/m/n on input line 10.
LaTeX Font Info:    ... okay on input line 10.
LaTeX Font Info:    Checking defaults for U/cmr/m/n on input line 10.
LaTeX Font Info:    ... okay on input line 10.
Package caption Info: Begin \AtBeginDocument code.
Package caption Info: End \AtBeginDocument code.

(/usr/local/texlive/2019/texmf-dist/tex/context/base/mkii/supp-pdf.mkii
[Loading MPS to PDF converter (version 2006.09.02).]
\scratchcounter=\count104
\scratchdimen=\dimen121
\scratchbox=\box29
\nofMPsegments=\count105
\nofMParguments=\count106
\everyMPshowfont=\toks20
\MPscratchCnt=\count107
\MPscratchDim=\dimen122
\MPnumerator=\count108
\makeMPintoPDFobject=\count109
\everyMPtoPDFconversion=\toks21
) (/usr/local/texlive/2019/texmf-dist/tex/latex/oberdiek/epstopdf-base.sty
Package: epstopdf-base 2016/05/15 v2.6 Base part for package epstopdf

(/usr/local/texlive/2019/texmf-dist/tex/generic/oberdiek/infwarerr.sty
Package: infwarerr 2016/05/16 v1.4 Providing info/warning/error messages (HO)
)
(/usr/local/texlive/2019/texmf-dist/tex/latex/oberdiek/grfext.sty
Package: grfext 2016/05/16 v1.2 Manage graphics extensions (HO)

(/usr/local/texlive/2019/texmf-dist/tex/generic/oberdiek/kvdefinekeys.sty
Package: kvdefinekeys 2016/05/16 v1.4 Define keys (HO)

(/usr/local/texlive/2019/texmf-dist/tex/generic/oberdiek/ltxcmds.sty
Package: ltxcmds 2016/05/16 v1.23 LaTeX kernel commands for general use (HO)
)))
(/usr/local/texlive/2019/texmf-dist/tex/latex/oberdiek/kvoptions.sty
Package: kvoptions 2016/05/16 v3.12 Key value format for package options (HO)

(/usr/local/texlive/2019/texmf-dist/tex/generic/oberdiek/kvsetkeys.sty
Package: kvsetkeys 2016/05/16 v1.17 Key value parser (HO)

(/usr/local/texlive/2019/texmf-dist/tex/generic/oberdiek/etexcmds.sty
Package: etexcmds 2016/05/16 v1.6 Avoid name clashes with e-TeX commands (HO)

(/usr/local/texlive/2019/texmf-dist/tex/generic/oberdiek/ifluatex.sty
Package: ifluatex 2016/05/16 v1.4 Provides the ifluatex switch (HO)
Package ifluatex Info: LuaTeX not detected.
))))
(/usr/local/texlive/2019/texmf-dist/tex/generic/oberdiek/pdftexcmds.sty
Package: pdftexcmds 2018/09/10 v0.29 Utility functions of pdfTeX for LuaTeX (HO
)

(/usr/local/texlive/2019/texmf-dist/tex/generic/oberdiek/ifpdf.sty
Package: ifpdf 2018/09/07 v3.3 Provides the ifpdf switch
)
Package pdftexcmds Info: LuaTeX not detected.
Package pdftexcmds Info: \pdf@primitive is available.
Package pdftexcmds Info: \pdf@ifprimitive is available.
Package pdftexcmds Info: \pdfdraftmode found.
)
Package epstopdf-base Info: Redefining graphics rule for `.eps' on input line 4
38.
Package grfext Info: Graphics extension search list:
(grfext)             [.pdf,.png,.jpg,.mps,.jpeg,.jbig2,.jb2,.PDF,.PNG,.JPG,.JPE
G,.JBIG2,.JB2,.eps]
(grfext)             \AppendGraphicsExtensions on input line 456.

(/usr/local/texlive/2019/texmf-dist/tex/latex/latexconfig/epstopdf-sys.cfg
File: epstopdf-sys.cfg 2010/07/13 v1.3 Configuration of (r)epstopdf for TeX Liv
e
))
<images/maps.png, id=1, 875.27pt x 112.42pt>
File: images/maps.png Graphic file (type png)
<use images/maps.png>
Package pdftex.def Info: images/maps.png  used on input line 30.
(pdftex.def)             Requested size: 350.10179pt x 44.9672pt.

Overfull \hbox (5.10179pt too wide) in paragraph at lines 30--31
 [][] 
 []

<images/map_bids.jpg, id=3, 1545.775pt x 869.2475pt>
File: images/map_bids.jpg Graphic file (type jpg)
<use images/map_bids.jpg>
Package pdftex.def Info: images/map_bids.jpg  used on input line 37.
(pdftex.def)             Requested size: 309.14952pt x 173.84642pt.
<images/informational_screen.jpg, id=4, 1545.775pt x 869.2475pt>
File: images/informational_screen.jpg Graphic file (type jpg)
<use images/informational_screen.jpg>
Package pdftex.def Info: images/informational_screen.jpg  used on input line 45
.
(pdftex.def)             Requested size: 309.14952pt x 173.84642pt.
[1

{/usr/local/texlive/2019/texmf-var/fonts/map/pdftex/updmap/pdftex.map} <./image
s/maps.png>] [2 <./images/map_bids.jpg>] [3 <./images/informational_screen.jpg>
]
<images/full_bidding_ts_one_to_ten.jpeg, id=30, 707.64375pt x 335.2525pt>
File: images/full_bidding_ts_one_to_ten.jpeg Graphic file (type jpg)
<use images/full_bidding_ts_one_to_ten.jpeg>
Package pdftex.def Info: images/full_bidding_ts_one_to_ten.jpeg  used on input 
line 86.
(pdftex.def)             Requested size: 353.82101pt x 167.62584pt.

Overfull \hbox (8.82101pt too wide) in paragraph at lines 86--87
 [][] 
 []


LaTeX Warning: `h' float specifier changed to `ht'.

[4]
<images/unadjusted_spread.jpeg, id=34, 800.9925pt x 547.04375pt>
File: images/unadjusted_spread.jpeg Graphic file (type jpg)
<use images/unadjusted_spread.jpeg>
Package pdftex.def Info: images/unadjusted_spread.jpeg  used on input line 111.

(pdftex.def)             Requested size: 240.29959pt x 164.11438pt.


LaTeX Warning: `h' float specifier changed to `ht'.

LaTeX Font Info:    Try loading font information for OMS+cmr on input line 116.

(/usr/local/texlive/2019/texmf-dist/tex/latex/base/omscmr.fd
File: omscmr.fd 2014/09/29 v2.5h Standard LaTeX font definitions
)
LaTeX Font Info:    Font shape `OMS/cmr/m/n' in size <10> not available
(Font)              Font shape `OMS/cmsy/m/n' tried instead on input line 116.
<images/symm_1_1_cdf.jpeg, id=35, 602.25pt x 412.54124pt>
File: images/symm_1_1_cdf.jpeg Graphic file (type jpg)
<use images/symm_1_1_cdf.jpeg>
Package pdftex.def Info: images/symm_1_1_cdf.jpeg  used on input line 121.
(pdftex.def)             Requested size: 210.79065pt x 144.39159pt.

Overfull \hbox (55.5417pt too wide) in paragraph at lines 121--122
 [][] 
 []

<images/symm_1_3_cdf.jpeg, id=36, 602.25pt x 412.54124pt>
File: images/symm_1_3_cdf.jpeg Graphic file (type jpg)
<use images/symm_1_3_cdf.jpeg>
Package pdftex.def Info: images/symm_1_3_cdf.jpeg  used on input line 127.
(pdftex.def)             Requested size: 210.79065pt x 144.39159pt.

Overfull \hbox (55.5417pt too wide) in paragraph at lines 127--128
 [][] 
 []

<images/symm_3_1_cdf.jpeg, id=37, 602.25pt x 410.53375pt>
File: images/symm_3_1_cdf.jpeg Graphic file (type jpg)
<use images/symm_3_1_cdf.jpeg>
Package pdftex.def Info: images/symm_3_1_cdf.jpeg  used on input line 134.
(pdftex.def)             Requested size: 210.79065pt x 143.68896pt.

Overfull \hbox (55.5417pt too wide) in paragraph at lines 134--135
 [][] 
 []

<images/adv_vs_disadv_cdf.jpeg, id=38, 602.25pt x 412.54124pt>
File: images/adv_vs_disadv_cdf.jpeg Graphic file (type jpg)
<use images/adv_vs_disadv_cdf.jpeg>
Package pdftex.def Info: images/adv_vs_disadv_cdf.jpeg  used on input line 140.

(pdftex.def)             Requested size: 210.79065pt x 144.39159pt.

Overfull \hbox (55.5417pt too wide) in paragraph at lines 140--141
 [][] 
 []


Overfull \hbox (52.39026pt too wide) detected at line 150
 []$[]  \OML/cmm/m/it/10 Bid \OT1/cmr/m/n/10 = \OML/cmm/m/it/10  \OT1/cmr/m/n/
10 + \OML/cmm/m/it/10 ^^L[]Player[] \OT1/cmr/m/n/10 + \OML/cmm/m/it/10 ^^L[]Ger
ry[] \OT1/cmr/m/n/10 + \OML/cmm/m/it/10 ^^L[]Gerry[]Player[] \OT1/cmr/m/n/10 + 
\OML/cmm/m/it/10 ^^L[]Symm[] \OT1/cmr/m/n/10 + \OML/cmm/m/it/10 ^^L[]Symm[]Play
er[]$ 
 []

[5 <./images/full_bidding_ts_one_to_ten.jpeg>]
Overfull \hbox (16.16348pt too wide) detected at line 188
 []$[]  \OML/cmm/m/it/10 Bid \OT1/cmr/m/n/10 = \OML/cmm/m/it/10  \OT1/cmr/m/n/
10 + \OML/cmm/m/it/10 ^^L[]Advantage \OT1/cmr/m/n/10 + \OML/cmm/m/it/10 ^^L[]Di
sadvantage \OT1/cmr/m/n/10 + \OML/cmm/m/it/10 ^^L[]Symm[] \OT1/cmr/m/n/10 + \OM
L/cmm/m/it/10 ^^L[]Symm[] \OT1/cmr/m/n/10 + \OML/cmm/m/it/10 ^^L[]Stage[]$ 
 []


Overfull \hbox (76.37962pt too wide) detected at line 188
 []$[] \OT1/cmr/m/n/10 + \OML/cmm/m/it/10 ^^L[]AdvantageStage[] \OT1/cmr/m/n/10
 + \OML/cmm/m/it/10 ^^L[]DisadvantageStage[] \OT1/cmr/m/n/10 + \OML/cmm/m/it/10
 ^^L[]Symm[]Stage[] \OT1/cmr/m/n/10 + \OML/cmm/m/it/10 ^^L[]Symm[]Stage[] \OT1/
cmr/m/n/10 + \OML/cmm/m/it/10 "$ []  
 []


Overfull \hbox (24.1786pt too wide) in paragraph at lines 193--222
 [][] 
 []

[6 <./images/unadjusted_spread.jpeg>] [7 <./images/symm_1_1_cdf.jpeg> <./images
/symm_1_3_cdf.jpeg> <./images/symm_3_1_cdf.jpeg> <./images/adv_vs_disadv_cdf.jp
eg>] [8]
Overfull \hbox (12.8489pt too wide) detected at line 227
 []$[]  \OML/cmm/m/it/10 Bid \OT1/cmr/m/n/10 = \OML/cmm/m/it/10  \OT1/cmr/m/n/
10 + \OML/cmm/m/it/10 ^^L[]Advantage \OT1/cmr/m/n/10 + \OML/cmm/m/it/10 ^^L[]Di
sadvantage \OT1/cmr/m/n/10 + \OML/cmm/m/it/10 ^^L[]Symm[] \OT1/cmr/m/n/10 + \OM
L/cmm/m/it/10 ^^L[]Symm[] \OT1/cmr/m/n/10 + \OML/cmm/m/it/10 ^^L[]Period$ 
 []


Overfull \hbox (63.12132pt too wide) detected at line 227
 []$[] \OT1/cmr/m/n/10 + \OML/cmm/m/it/10 ^^L[]AdvantagePeriod \OT1/cmr/m/n/10 
+ \OML/cmm/m/it/10 ^^L[]DisadvantagePeriod \OT1/cmr/m/n/10 + \OML/cmm/m/it/10 ^
^L[]Symm[]Period \OT1/cmr/m/n/10 + \OML/cmm/m/it/10 ^^L[]Symm[]Period \OT1/cmr/
m/n/10 + \OML/cmm/m/it/10 "$ []  
 []

[9]
<images/map_choice_stage_2.jpeg, id=59, 602.25pt x 409.53pt>
File: images/map_choice_stage_2.jpeg Graphic file (type jpg)
<use images/map_choice_stage_2.jpeg>
Package pdftex.def Info: images/map_choice_stage_2.jpeg  used on input line 271
.
(pdftex.def)             Requested size: 301.12425pt x 204.7645pt.
<images/gerry_and_politics.jpeg, id=60, 602.25pt x 410.53375pt>
File: images/gerry_and_politics.jpeg Graphic file (type jpg)
<use images/gerry_and_politics.jpeg>
Package pdftex.def Info: images/gerry_and_politics.jpeg  used on input line 278
.
(pdftex.def)             Requested size: 301.12425pt x 205.26637pt.


LaTeX Warning: `h' float specifier changed to `ht'.

[10] [11]

LaTeX Warning: `h' float specifier changed to `ht'.

[12 <./images/map_choice_stage_2.jpeg>]
<images/map_choice_stage_3.jpeg, id=70, 602.25pt x 410.53375pt>
File: images/map_choice_stage_3.jpeg Graphic file (type jpg)
<use images/map_choice_stage_3.jpeg>
Package pdftex.def Info: images/map_choice_stage_3.jpeg  used on input line 290
.
(pdftex.def)             Requested size: 301.12425pt x 205.26637pt.


LaTeX Warning: `!h' float specifier changed to `!ht'.

<images/spillover_unadjusted.jpeg, id=71, 602.25pt x 409.53pt>
File: images/spillover_unadjusted.jpeg Graphic file (type jpg)
<use images/spillover_unadjusted.jpeg>
Package pdftex.def Info: images/spillover_unadjusted.jpeg  used on input line 2
96.
(pdftex.def)             Requested size: 301.12425pt x 204.7645pt.

LaTeX Warning: `!h' float specifier changed to `!ht'.

[13 <./images/gerry_and_politics.jpeg>]
Overfull \hbox (104.55879pt too wide) in paragraph at lines 308--336
[][]
 []

[14 <./images/map_choice_stage_3.jpeg> <./images/spillover_unadjusted.jpeg>]
Overfull \hbox (104.55879pt too wide) in paragraph at lines 345--373
 [] 
 []


LaTeX Warning: `!h' float specifier changed to `!ht'.

[15] [16] [17] (./Draft_v05.aux)

LaTeX Warning: Label(s) may have changed. Rerun to get cross-references right.

 ) 
Here is how much of TeX's memory you used:
 3347 strings out of 492616
 51824 string characters out of 6129482
 124254 words of memory out of 5000000
 7223 multiletter control sequences out of 15000+600000
 11905 words of font info for 42 fonts, out of 8000000 for 9000
 1141 hyphenation exceptions out of 8191
 41i,10n,39p,1899b,493s stack positions out of 5000i,500n,10000p,200000b,80000s
</usr/local/texlive/2019/texmf-dist/fonts/type1/public/amsfonts/cm/cmbx12.pfb
></usr/local/texlive/2019/texmf-dist/fonts/type1/public/amsfonts/cm/cmbx9.pfb><
/usr/local/texlive/2019/texmf-dist/fonts/type1/public/amsfonts/cm/cmmi10.pfb></
usr/local/texlive/2019/texmf-dist/fonts/type1/public/amsfonts/cm/cmmi5.pfb></us
r/local/texlive/2019/texmf-dist/fonts/type1/public/amsfonts/cm/cmmi6.pfb></usr/
local/texlive/2019/texmf-dist/fonts/type1/public/amsfonts/cm/cmmi7.pfb></usr/lo
cal/texlive/2019/texmf-dist/fonts/type1/public/amsfonts/cm/cmmi9.pfb></usr/loca
l/texlive/2019/texmf-dist/fonts/type1/public/amsfonts/cm/cmr10.pfb></usr/local/
texlive/2019/texmf-dist/fonts/type1/public/amsfonts/cm/cmr12.pfb></usr/local/te
xlive/2019/texmf-dist/fonts/type1/public/amsfonts/cm/cmr17.pfb></usr/local/texl
ive/2019/texmf-dist/fonts/type1/public/amsfonts/cm/cmr6.pfb></usr/local/texlive
/2019/texmf-dist/fonts/type1/public/amsfonts/cm/cmr7.pfb></usr/local/texlive/20
19/texmf-dist/fonts/type1/public/amsfonts/cm/cmr8.pfb></usr/local/texlive/2019/
texmf-dist/fonts/type1/public/amsfonts/cm/cmr9.pfb></usr/local/texlive/2019/tex
mf-dist/fonts/type1/public/amsfonts/cm/cmsy10.pfb></usr/local/texlive/2019/texm
f-dist/fonts/type1/public/amsfonts/cm/cmsy7.pfb></usr/local/texlive/2019/texmf-
dist/fonts/type1/public/amsfonts/cm/cmti10.pfb>
Output written on Draft_v05.pdf (17 pages, 852716 bytes).
PDF statistics:
 142 PDF objects out of 1000 (max. 8388607)
 91 compressed objects within 1 object stream
 0 named destinations out of 1000 (max. 500000)
 66 words of extra memory for PDF output out of 10000 (max. 10000000)

