This is pdfTeX, Version 3.14159265-2.6-1.40.20 (TeX Live 2019) (preloaded format=pdflatex 2019.5.8)  10 JUL 2021 14:06
entering extended mode
 restricted \write18 enabled.
 file:line:error style messages enabled.
 %&-line parsing enabled.
**Results_section.tex
(./Results_section.tex
LaTeX2e <2018-12-01>
(./AEA.cls
Document Class: AEA 2011/07/24 American Economic Association Article Classes
(/usr/local/texlive/2019/texmf-dist/tex/latex/tools/multicol.sty
Package: multicol 2018/12/27 v1.8v multicolumn formatting (FMi)
\c@tracingmulticols=\count80
\mult@box=\box27
\multicol@leftmargin=\dimen102
\c@unbalance=\count81
\c@collectmore=\count82
\doublecol@number=\count83
\multicoltolerance=\count84
\multicolpretolerance=\count85
\full@width=\dimen103
\page@free=\dimen104
\premulticols=\dimen105
\postmulticols=\dimen106
\multicolsep=\skip41
\multicolbaselineskip=\skip42
\partial@page=\box28
\last@line=\box29
\maxbalancingoverflow=\dimen107
\mult@rightbox=\box30
\mult@grightbox=\box31
\mult@gfirstbox=\box32
\mult@firstbox=\box33
\@tempa=\box34
\@tempa=\box35
\@tempa=\box36
\@tempa=\box37
\@tempa=\box38
\@tempa=\box39
\@tempa=\box40
\@tempa=\box41
\@tempa=\box42
\@tempa=\box43
\@tempa=\box44
\@tempa=\box45
\@tempa=\box46
\@tempa=\box47
\@tempa=\box48
\@tempa=\box49
\@tempa=\box50
\c@columnbadness=\count86
\c@finalcolumnbadness=\count87
\last@try=\dimen108
\multicolovershoot=\dimen109
\multicolundershoot=\dimen110
\mult@nat@firstbox=\box51
\colbreak@box=\box52
\mc@col@check@num=\count88
)
(/usr/local/texlive/2019/texmf-dist/tex/latex/setspace/setspace.sty
Package: setspace 2011/12/19 v6.7a set line spacing
)
(/usr/local/texlive/2019/texmf-dist/tex/latex/amsmath/amsmath.sty
Package: amsmath 2018/12/01 v2.17b AMS math features
\@mathmargin=\skip43

For additional information on amsmath, use the `?' option.
(/usr/local/texlive/2019/texmf-dist/tex/latex/amsmath/amstext.sty
Package: amstext 2000/06/29 v2.01 AMS text

(/usr/local/texlive/2019/texmf-dist/tex/latex/amsmath/amsgen.sty
File: amsgen.sty 1999/11/30 v2.0 generic functions
\@emptytoks=\toks14
\ex@=\dimen111
))
(/usr/local/texlive/2019/texmf-dist/tex/latex/amsmath/amsbsy.sty
Package: amsbsy 1999/11/29 v1.2d Bold Symbols
\pmbraise@=\dimen112
)
(/usr/local/texlive/2019/texmf-dist/tex/latex/amsmath/amsopn.sty
Package: amsopn 2016/03/08 v2.02 operator names
)
\inf@bad=\count89
LaTeX Info: Redefining \frac on input line 223.
\uproot@=\count90
\leftroot@=\count91
LaTeX Info: Redefining \overline on input line 385.
\classnum@=\count92
\DOTSCASE@=\count93
LaTeX Info: Redefining \ldots on input line 482.
LaTeX Info: Redefining \dots on input line 485.
LaTeX Info: Redefining \cdots on input line 606.
\Mathstrutbox@=\box53
\strutbox@=\box54
\big@size=\dimen113
LaTeX Font Info:    Redeclaring font encoding OML on input line 729.
LaTeX Font Info:    Redeclaring font encoding OMS on input line 730.
\macc@depth=\count94
\c@MaxMatrixCols=\count95
\dotsspace@=\muskip10
\c@parentequation=\count96
\dspbrk@lvl=\count97
\tag@help=\toks15
\row@=\count98
\column@=\count99
\maxfields@=\count100
\andhelp@=\toks16
\eqnshift@=\dimen114
\alignsep@=\dimen115
\tagshift@=\dimen116
\tagwidth@=\dimen117
\totwidth@=\dimen118
\lineht@=\dimen119
\@envbody=\toks17
\multlinegap=\skip44
\multlinetaggap=\skip45
\mathdisplay@stack=\toks18
LaTeX Info: Redefining \[ on input line 2844.
LaTeX Info: Redefining \] on input line 2845.
)
Journal Selected: THE AMERICAN ECONOMIC REVIEW
Mode Selected: final
\abstractIndent=\skip46
\abstractWidth=\skip47
\c@part=\count101
\c@section=\count102
\c@subsection=\count103
\c@subsubsection=\count104
\c@paragraph=\count105
\c@subparagraph=\count106
\c@figure=\count107
\c@table=\count108
\abovecaptionskip=\skip48
\belowcaptionskip=\skip49
\bibindent=\dimen120
) (/usr/local/texlive/2019/texmf-dist/tex/latex/caption/caption.sty
Package: caption 2018/10/06 v3.3-154 Customizing captions (AR)

(/usr/local/texlive/2019/texmf-dist/tex/latex/caption/caption3.sty
Package: caption3 2018/09/12 v1.8c caption3 kernel (AR)
Package caption3 Info: TeX engine: e-TeX on input line 64.

(/usr/local/texlive/2019/texmf-dist/tex/latex/graphics/keyval.sty
Package: keyval 2014/10/28 v1.15 key=value parser (DPC)
\KV@toks@=\toks19
)
\captionmargin=\dimen121
\captionmargin@=\dimen122
\captionwidth=\dimen123
\caption@tempdima=\dimen124
\caption@indent=\dimen125
\caption@parindent=\dimen126
\caption@hangindent=\dimen127
Package caption Info: Unknown document class (or package),
(caption)             standard defaults will be used.
)

Package caption Warning: Unsupported document class (or package) detected,
(caption)                usage of the caption package is not recommended.
See the caption package documentation for explanation.

Package caption Info: \@makecaption = \long macro:#1#2->\vskip \abovecaptionski
p \sbox \@tempboxa {\captionstyle \captionsize #1#2}\ifdim \wd \@tempboxa >\hsi
ze {\captionstyle \captionsize #1#2}\par \else \global \@minipagefalse \hb@xt@ 
\hsize {\hfil \box \@tempboxa \hfil }\fi \vskip \belowcaptionskip .
\c@caption@flags=\count109
\c@ContinuedFloat=\count110
) (/usr/local/texlive/2019/texmf-dist/tex/latex/caption/subcaption.sty
Package: subcaption 2018/05/01 v1.1-162 Sub-captions (AR)
\c@subfigure=\count111
\c@subtable=\count112
)
(/usr/local/texlive/2019/texmf-dist/tex/latex/graphics/graphicx.sty
Package: graphicx 2017/06/01 v1.1a Enhanced LaTeX Graphics (DPC,SPQR)

(/usr/local/texlive/2019/texmf-dist/tex/latex/graphics/graphics.sty
Package: graphics 2017/06/25 v1.2c Standard LaTeX Graphics (DPC,SPQR)

(/usr/local/texlive/2019/texmf-dist/tex/latex/graphics/trig.sty
Package: trig 2016/01/03 v1.10 sin cos tan (DPC)
)
(/usr/local/texlive/2019/texmf-dist/tex/latex/graphics-cfg/graphics.cfg
File: graphics.cfg 2016/06/04 v1.11 sample graphics configuration
)
Package graphics Info: Driver file: pdftex.def on input line 99.

(/usr/local/texlive/2019/texmf-dist/tex/latex/graphics-def/pdftex.def
File: pdftex.def 2018/01/08 v1.0l Graphics/color driver for pdftex
))
\Gin@req@height=\dimen128
\Gin@req@width=\dimen129
)
(./Results_section.aux)
\openout1 = `Results_section.aux'.

LaTeX Font Info:    Checking defaults for OML/cmm/m/it on input line 29.
LaTeX Font Info:    ... okay on input line 29.
LaTeX Font Info:    Checking defaults for T1/cmr/m/n on input line 29.
LaTeX Font Info:    ... okay on input line 29.
LaTeX Font Info:    Checking defaults for OT1/cmr/m/n on input line 29.
LaTeX Font Info:    ... okay on input line 29.
LaTeX Font Info:    Checking defaults for OMS/cmsy/m/n on input line 29.
LaTeX Font Info:    ... okay on input line 29.
LaTeX Font Info:    Checking defaults for OMX/cmex/m/n on input line 29.
LaTeX Font Info:    ... okay on input line 29.
LaTeX Font Info:    Checking defaults for U/cmr/m/n on input line 29.
LaTeX Font Info:    ... okay on input line 29.
Package caption Info: Begin \AtBeginDocument code.
Package caption Info: End \AtBeginDocument code.

(/usr/local/texlive/2019/texmf-dist/tex/context/base/mkii/supp-pdf.mkii
[Loading MPS to PDF converter (version 2006.09.02).]
\scratchcounter=\count113
\scratchdimen=\dimen130
\scratchbox=\box55
\nofMPsegments=\count114
\nofMParguments=\count115
\everyMPshowfont=\toks20
\MPscratchCnt=\count116
\MPscratchDim=\dimen131
\MPnumerator=\count117
\makeMPintoPDFobject=\count118
\everyMPtoPDFconversion=\toks21
) (/usr/local/texlive/2019/texmf-dist/tex/latex/oberdiek/epstopdf-base.sty
Package: epstopdf-base 2016/05/15 v2.6 Base part for package epstopdf

(/usr/local/texlive/2019/texmf-dist/tex/generic/oberdiek/infwarerr.sty
Package: infwarerr 2016/05/16 v1.4 Providing info/warning/error messages (HO)
)
(/usr/local/texlive/2019/texmf-dist/tex/latex/oberdiek/grfext.sty
Package: grfext 2016/05/16 v1.2 Manage graphics extensions (HO)

(/usr/local/texlive/2019/texmf-dist/tex/generic/oberdiek/kvdefinekeys.sty
Package: kvdefinekeys 2016/05/16 v1.4 Define keys (HO)

(/usr/local/texlive/2019/texmf-dist/tex/generic/oberdiek/ltxcmds.sty
Package: ltxcmds 2016/05/16 v1.23 LaTeX kernel commands for general use (HO)
)))
(/usr/local/texlive/2019/texmf-dist/tex/latex/oberdiek/kvoptions.sty
Package: kvoptions 2016/05/16 v3.12 Key value format for package options (HO)

(/usr/local/texlive/2019/texmf-dist/tex/generic/oberdiek/kvsetkeys.sty
Package: kvsetkeys 2016/05/16 v1.17 Key value parser (HO)

(/usr/local/texlive/2019/texmf-dist/tex/generic/oberdiek/etexcmds.sty
Package: etexcmds 2016/05/16 v1.6 Avoid name clashes with e-TeX commands (HO)

(/usr/local/texlive/2019/texmf-dist/tex/generic/oberdiek/ifluatex.sty
Package: ifluatex 2016/05/16 v1.4 Provides the ifluatex switch (HO)
Package ifluatex Info: LuaTeX not detected.
))))
(/usr/local/texlive/2019/texmf-dist/tex/generic/oberdiek/pdftexcmds.sty
Package: pdftexcmds 2018/09/10 v0.29 Utility functions of pdfTeX for LuaTeX (HO
)

(/usr/local/texlive/2019/texmf-dist/tex/generic/oberdiek/ifpdf.sty
Package: ifpdf 2018/09/07 v3.3 Provides the ifpdf switch
)
Package pdftexcmds Info: LuaTeX not detected.
Package pdftexcmds Info: \pdf@primitive is available.
Package pdftexcmds Info: \pdf@ifprimitive is available.
Package pdftexcmds Info: \pdfdraftmode found.
)
Package epstopdf-base Info: Redefining graphics rule for `.eps' on input line 4
38.
Package grfext Info: Graphics extension search list:
(grfext)             [.pdf,.png,.jpg,.mps,.jpeg,.jbig2,.jb2,.PDF,.PNG,.JPG,.JPE
G,.JBIG2,.JB2,.eps]
(grfext)             \AppendGraphicsExtensions on input line 456.

(/usr/local/texlive/2019/texmf-dist/tex/latex/latexconfig/epstopdf-sys.cfg
File: epstopdf-sys.cfg 2010/07/13 v1.3 Configuration of (r)epstopdf for TeX Liv
e
))
LaTeX Font Info:    Try loading font information for OMS+cmr on input line 48.

(/usr/local/texlive/2019/texmf-dist/tex/latex/base/omscmr.fd
File: omscmr.fd 2014/09/29 v2.5h Standard LaTeX font definitions
)
LaTeX Font Info:    Font shape `OMS/cmr/m/n' in size <8> not available
(Font)              Font shape `OMS/cmsy/m/n' tried instead on input line 48.
LaTeX Font Info:    Font shape `OMS/cmr/m/n' in size <6> not available
(Font)              Font shape `OMS/cmsy/m/n' tried instead on input line 48.
<images/full_bidding_time_series.jpeg, id=1, 748.7975pt x 511.9125pt>
File: images/full_bidding_time_series.jpeg Graphic file (type jpg)
<use images/full_bidding_time_series.jpeg>
Package pdftex.def Info: images/full_bidding_time_series.jpeg  used on input li
ne 91.
(pdftex.def)             Requested size: 374.39783pt x 255.95563pt.
 [1

{/usr/local/texlive/2019/texmf-var/fonts/map/pdftex/updmap/pdftex.map} <./image
s/full_bidding_time_series.jpeg>]
<images/unadjusted_spread.jpeg, id=16, 800.9925pt x 547.04375pt>
File: images/unadjusted_spread.jpeg Graphic file (type jpg)
<use images/unadjusted_spread.jpeg>
Package pdftex.def Info: images/unadjusted_spread.jpeg  used on input line 116.

(pdftex.def)             Requested size: 240.29959pt x 164.11438pt.
LaTeX Font Info:    Font shape `OMS/cmr/m/n' in size <10.95> not available
(Font)              Font shape `OMS/cmsy/m/n' tried instead on input line 121.
<images/symm_1_1_cdf.jpeg, id=17, 602.25pt x 412.54124pt>
File: images/symm_1_1_cdf.jpeg Graphic file (type jpg)
<use images/symm_1_1_cdf.jpeg>
Package pdftex.def Info: images/symm_1_1_cdf.jpeg  used on input line 126.
(pdftex.def)             Requested size: 210.79065pt x 144.39159pt.

Overfull \hbox (37.30116pt too wide) in paragraph at lines 126--127
 [][] 
 []


Package caption Warning: Cannot determine current font size.
(caption)                Try setting it with `size=' explicitly on input line 1
27.
See the caption package documentation for explanation.


Package caption Warning: Cannot determine current font size.
(caption)                Try setting it with `size=' explicitly on input line 1
27.
See the caption package documentation for explanation.

<images/symm_1_3_cdf.jpeg, id=18, 602.25pt x 412.54124pt>
File: images/symm_1_3_cdf.jpeg Graphic file (type jpg)
<use images/symm_1_3_cdf.jpeg>
Package pdftex.def Info: images/symm_1_3_cdf.jpeg  used on input line 132.
(pdftex.def)             Requested size: 210.79065pt x 144.39159pt.

Overfull \hbox (37.30116pt too wide) in paragraph at lines 132--133
 [][] 
 []


Package caption Warning: Cannot determine current font size.
(caption)                Try setting it with `size=' explicitly on input line 1
33.
See the caption package documentation for explanation.


Package caption Warning: Cannot determine current font size.
(caption)                Try setting it with `size=' explicitly on input line 1
33.
See the caption package documentation for explanation.

<images/symm_3_1_cdf.jpeg, id=19, 602.25pt x 410.53375pt>
File: images/symm_3_1_cdf.jpeg Graphic file (type jpg)
<use images/symm_3_1_cdf.jpeg>
Package pdftex.def Info: images/symm_3_1_cdf.jpeg  used on input line 139.
(pdftex.def)             Requested size: 210.79065pt x 143.68896pt.

Overfull \hbox (37.30116pt too wide) in paragraph at lines 139--140
 [][] 
 []


Package caption Warning: Cannot determine current font size.
(caption)                Try setting it with `size=' explicitly on input line 1
40.
See the caption package documentation for explanation.


Package caption Warning: Cannot determine current font size.
(caption)                Try setting it with `size=' explicitly on input line 1
40.
See the caption package documentation for explanation.

<images/adv_vs_disadv_cdf.jpeg, id=20, 602.25pt x 412.54124pt>
File: images/adv_vs_disadv_cdf.jpeg Graphic file (type jpg)
<use images/adv_vs_disadv_cdf.jpeg>
Package pdftex.def Info: images/adv_vs_disadv_cdf.jpeg  used on input line 145.

(pdftex.def)             Requested size: 210.79065pt x 144.39159pt.

Overfull \hbox (37.30116pt too wide) in paragraph at lines 145--146
 [][] 
 []


Package caption Warning: Cannot determine current font size.
(caption)                Try setting it with `size=' explicitly on input line 1
46.
See the caption package documentation for explanation.


Package caption Warning: Cannot determine current font size.
(caption)                Try setting it with `size=' explicitly on input line 1
46.
See the caption package documentation for explanation.

[2 <./images/unadjusted_spread.jpeg>]
Overfull \hbox (45.65701pt too wide) detected at line 155
 []$[] [] \OML/cmm/m/it/10.95 Bid \OT1/cmr/m/n/10.95 = \OML/cmm/m/it/10.95  \O
T1/cmr/m/n/10.95 + \OML/cmm/m/it/10.95 ^^L[]Player[] \OT1/cmr/m/n/10.95 + \OML/
cmm/m/it/10.95 ^^L[]Gerry[] \OT1/cmr/m/n/10.95 + \OML/cmm/m/it/10.95 ^^L[]Gerry
[]Player[] \OT1/cmr/m/n/10.95 + \OML/cmm/m/it/10.95 ^^L[]Symm[] \OT1/cmr/m/n/10
.95 + \OML/cmm/m/it/10.95 ^^L[]Symm[]Player[]$ 
 []


Underfull \vbox (badness 5077) has occurred while \output is active []

 [3 <./images/symm_1_1_cdf.jpeg> <./images/symm_1_3_cdf.jpeg> <./images/symm_3_
1_cdf.jpeg> <./images/adv_vs_disadv_cdf.jpeg>] [4]
Overfull \hbox (6.76389pt too wide) detected at line 193
 []$[] [] \OML/cmm/m/it/10.95 Bid \OT1/cmr/m/n/10.95 = \OML/cmm/m/it/10.95  \O
T1/cmr/m/n/10.95 + \OML/cmm/m/it/10.95 ^^L[]Advantage \OT1/cmr/m/n/10.95 + \OML
/cmm/m/it/10.95 ^^L[]Disadvantage \OT1/cmr/m/n/10.95 + \OML/cmm/m/it/10.95 ^^L[
]Symm[] \OT1/cmr/m/n/10.95 + \OML/cmm/m/it/10.95 ^^L[]Symm[] \OT1/cmr/m/n/10.95
 + \OML/cmm/m/it/10.95 ^^L[]Stage[]$ 
 []


Overfull \hbox (71.71938pt too wide) detected at line 193
 []$[] \OT1/cmr/m/n/10.95 + \OML/cmm/m/it/10.95 ^^L[]AdvantageStage[] \OT1/cmr/
m/n/10.95 + \OML/cmm/m/it/10.95 ^^L[]DisadvantageStage[] \OT1/cmr/m/n/10.95 + \
OML/cmm/m/it/10.95 ^^L[]Symm[]Stage[] \OT1/cmr/m/n/10.95 + \OML/cmm/m/it/10.95 
^^L[]Symm[]Stage[] \OT1/cmr/m/n/10.95 + \OML/cmm/m/it/10.95 "  $ 
 []


Overfull \hbox (13.40189pt too wide) in paragraph at lines 198--227
 [] 
 []

[5]
Overfull \hbox (3.51553pt too wide) detected at line 232
 []$[] [] \OML/cmm/m/it/10.95 Bid \OT1/cmr/m/n/10.95 = \OML/cmm/m/it/10.95  \O
T1/cmr/m/n/10.95 + \OML/cmm/m/it/10.95 ^^L[]Advantage \OT1/cmr/m/n/10.95 + \OML
/cmm/m/it/10.95 ^^L[]Disadvantage \OT1/cmr/m/n/10.95 + \OML/cmm/m/it/10.95 ^^L[
]Symm[] \OT1/cmr/m/n/10.95 + \OML/cmm/m/it/10.95 ^^L[]Symm[] \OT1/cmr/m/n/10.95
 + \OML/cmm/m/it/10.95 ^^L[]Period$ 
 []


Overfull \hbox (58.72597pt too wide) detected at line 232
 []$[] \OT1/cmr/m/n/10.95 + \OML/cmm/m/it/10.95 ^^L[]AdvantagePeriod \OT1/cmr/m
/n/10.95 + \OML/cmm/m/it/10.95 ^^L[]DisadvantagePeriod \OT1/cmr/m/n/10.95 + \OM
L/cmm/m/it/10.95 ^^L[]Symm[]Period \OT1/cmr/m/n/10.95 + \OML/cmm/m/it/10.95 ^^L
[]Symm[]Period \OT1/cmr/m/n/10.95 + \OML/cmm/m/it/10.95 "  $ 
 []


Underfull \vbox (badness 10000) has occurred while \output is active []

 [6]
[7]
<images/map_choice_stage_2.jpeg, id=43, 602.25pt x 409.53pt>
File: images/map_choice_stage_2.jpeg Graphic file (type jpg)
<use images/map_choice_stage_2.jpeg>
Package pdftex.def Info: images/map_choice_stage_2.jpeg  used on input line 276
.
(pdftex.def)             Requested size: 301.12425pt x 204.7645pt.
<images/gerry_and_politics.jpeg, id=44, 602.25pt x 410.53375pt>
File: images/gerry_and_politics.jpeg Graphic file (type jpg)
<use images/gerry_and_politics.jpeg>
Package pdftex.def Info: images/gerry_and_politics.jpeg  used on input line 283
.
(pdftex.def)             Requested size: 301.12425pt x 205.26637pt.
 [8 <./images/map_choice_stage_2.jpeg>]

LaTeX Warning: Reference `fig:spillover_unadjusted' on page 9 undefined on inpu
t line 291.

[9 <./images/gerry_and_politics.jpeg>]
<images/map_choice_stage_3.jpeg, id=52, 602.25pt x 410.53375pt>
File: images/map_choice_stage_3.jpeg Graphic file (type jpg)
<use images/map_choice_stage_3.jpeg>
Package pdftex.def Info: images/map_choice_stage_3.jpeg  used on input line 295
.
(pdftex.def)             Requested size: 301.12425pt x 205.26637pt.
<images/spillover_unadjusted.jpeg, id=53, 602.25pt x 409.53pt>
File: images/spillover_unadjusted.jpeg Graphic file (type jpg)
<use images/spillover_unadjusted.jpeg>
Package pdftex.def Info: images/spillover_unadjusted.jpeg  used on input line 3
02.
(pdftex.def)             Requested size: 301.12425pt x 204.7645pt.


LaTeX Warning: `h' float specifier changed to `ht'.

[10 <./images/map_choice_stage_3.jpeg>] [11 <./images/spillover_unadjusted.jpeg
>] (./Results_section.aux)

LaTeX Warning: There were undefined references.


LaTeX Warning: Label(s) may have changed. Rerun to get cross-references right.

 ) 
Here is how much of TeX's memory you used:
 3564 strings out of 492616
 55162 string characters out of 6129482
 122977 words of memory out of 5000000
 7443 multiletter control sequences out of 15000+600000
 10838 words of font info for 38 fonts, out of 8000000 for 9000
 1141 hyphenation exceptions out of 8191
 41i,10n,39p,1727b,469s stack positions out of 5000i,500n,10000p,200000b,80000s
</usr/local/texlive/2019/texmf-dist/fonts/type1/public/amsfonts/cm/cmbx10.pfb
></usr/local/texlive/2019/texmf-dist/fonts/type1/public/amsfonts/cm/cmcsc10.pfb
></usr/local/texlive/2019/texmf-dist/fonts/type1/public/amsfonts/cm/cmmi10.pfb>
</usr/local/texlive/2019/texmf-dist/fonts/type1/public/amsfonts/cm/cmmi8.pfb></
usr/local/texlive/2019/texmf-dist/fonts/type1/public/amsfonts/cm/cmr10.pfb></us
r/local/texlive/2019/texmf-dist/fonts/type1/public/amsfonts/cm/cmr6.pfb></usr/l
ocal/texlive/2019/texmf-dist/fonts/type1/public/amsfonts/cm/cmr8.pfb></usr/loca
l/texlive/2019/texmf-dist/fonts/type1/public/amsfonts/cm/cmssbx10.pfb></usr/loc
al/texlive/2019/texmf-dist/fonts/type1/public/amsfonts/cm/cmsy10.pfb></usr/loca
l/texlive/2019/texmf-dist/fonts/type1/public/amsfonts/cm/cmsy6.pfb></usr/local/
texlive/2019/texmf-dist/fonts/type1/public/amsfonts/cm/cmsy8.pfb></usr/local/te
xlive/2019/texmf-dist/fonts/type1/public/amsfonts/cm/cmti10.pfb></usr/local/tex
live/2019/texmf-dist/fonts/type1/public/amsfonts/cm/cmti8.pfb>
Output written on Results_section.pdf (11 pages, 491321 bytes).
PDF statistics:
 102 PDF objects out of 1000 (max. 8388607)
 65 compressed objects within 1 object stream
 0 named destinations out of 1000 (max. 500000)
 51 words of extra memory for PDF output out of 10000 (max. 10000000)

