This is pdfTeX, Version 3.14159265-2.6-1.40.20 (TeX Live 2019) (preloaded format=pdflatex 2019.5.8)  8 JUL 2021 15:28
entering extended mode
 restricted \write18 enabled.
 file:line:error style messages enabled.
 %&-line parsing enabled.
**Results_section.tex
(./Results_section.tex
LaTeX2e <2018-12-01>
(./AEA.cls
Document Class: AEA 2011/07/24 American Economic Association Article Classes
(/usr/local/texlive/2019/texmf-dist/tex/latex/tools/multicol.sty
Package: multicol 2018/12/27 v1.8v multicolumn formatting (FMi)
\c@tracingmulticols=\count80
\mult@box=\box27
\multicol@leftmargin=\dimen102
\c@unbalance=\count81
\c@collectmore=\count82
\doublecol@number=\count83
\multicoltolerance=\count84
\multicolpretolerance=\count85
\full@width=\dimen103
\page@free=\dimen104
\premulticols=\dimen105
\postmulticols=\dimen106
\multicolsep=\skip41
\multicolbaselineskip=\skip42
\partial@page=\box28
\last@line=\box29
\maxbalancingoverflow=\dimen107
\mult@rightbox=\box30
\mult@grightbox=\box31
\mult@gfirstbox=\box32
\mult@firstbox=\box33
\@tempa=\box34
\@tempa=\box35
\@tempa=\box36
\@tempa=\box37
\@tempa=\box38
\@tempa=\box39
\@tempa=\box40
\@tempa=\box41
\@tempa=\box42
\@tempa=\box43
\@tempa=\box44
\@tempa=\box45
\@tempa=\box46
\@tempa=\box47
\@tempa=\box48
\@tempa=\box49
\@tempa=\box50
\c@columnbadness=\count86
\c@finalcolumnbadness=\count87
\last@try=\dimen108
\multicolovershoot=\dimen109
\multicolundershoot=\dimen110
\mult@nat@firstbox=\box51
\colbreak@box=\box52
\mc@col@check@num=\count88
)
(/usr/local/texlive/2019/texmf-dist/tex/latex/setspace/setspace.sty
Package: setspace 2011/12/19 v6.7a set line spacing
)
(/usr/local/texlive/2019/texmf-dist/tex/latex/amsmath/amsmath.sty
Package: amsmath 2018/12/01 v2.17b AMS math features
\@mathmargin=\skip43

For additional information on amsmath, use the `?' option.
(/usr/local/texlive/2019/texmf-dist/tex/latex/amsmath/amstext.sty
Package: amstext 2000/06/29 v2.01 AMS text

(/usr/local/texlive/2019/texmf-dist/tex/latex/amsmath/amsgen.sty
File: amsgen.sty 1999/11/30 v2.0 generic functions
\@emptytoks=\toks14
\ex@=\dimen111
))
(/usr/local/texlive/2019/texmf-dist/tex/latex/amsmath/amsbsy.sty
Package: amsbsy 1999/11/29 v1.2d Bold Symbols
\pmbraise@=\dimen112
)
(/usr/local/texlive/2019/texmf-dist/tex/latex/amsmath/amsopn.sty
Package: amsopn 2016/03/08 v2.02 operator names
)
\inf@bad=\count89
LaTeX Info: Redefining \frac on input line 223.
\uproot@=\count90
\leftroot@=\count91
LaTeX Info: Redefining \overline on input line 385.
\classnum@=\count92
\DOTSCASE@=\count93
LaTeX Info: Redefining \ldots on input line 482.
LaTeX Info: Redefining \dots on input line 485.
LaTeX Info: Redefining \cdots on input line 606.
\Mathstrutbox@=\box53
\strutbox@=\box54
\big@size=\dimen113
LaTeX Font Info:    Redeclaring font encoding OML on input line 729.
LaTeX Font Info:    Redeclaring font encoding OMS on input line 730.
\macc@depth=\count94
\c@MaxMatrixCols=\count95
\dotsspace@=\muskip10
\c@parentequation=\count96
\dspbrk@lvl=\count97
\tag@help=\toks15
\row@=\count98
\column@=\count99
\maxfields@=\count100
\andhelp@=\toks16
\eqnshift@=\dimen114
\alignsep@=\dimen115
\tagshift@=\dimen116
\tagwidth@=\dimen117
\totwidth@=\dimen118
\lineht@=\dimen119
\@envbody=\toks17
\multlinegap=\skip44
\multlinetaggap=\skip45
\mathdisplay@stack=\toks18
LaTeX Info: Redefining \[ on input line 2844.
LaTeX Info: Redefining \] on input line 2845.
)
Journal Selected: THE AMERICAN ECONOMIC REVIEW
Mode Selected: final
\abstractIndent=\skip46
\abstractWidth=\skip47
\c@part=\count101
\c@section=\count102
\c@subsection=\count103
\c@subsubsection=\count104
\c@paragraph=\count105
\c@subparagraph=\count106
\c@figure=\count107
\c@table=\count108
\abovecaptionskip=\skip48
\belowcaptionskip=\skip49
\bibindent=\dimen120
) (./Results_section.aux)
\openout1 = `Results_section.aux'.

LaTeX Font Info:    Checking defaults for OML/cmm/m/it on input line 26.
LaTeX Font Info:    ... okay on input line 26.
LaTeX Font Info:    Checking defaults for T1/cmr/m/n on input line 26.
LaTeX Font Info:    ... okay on input line 26.
LaTeX Font Info:    Checking defaults for OT1/cmr/m/n on input line 26.
LaTeX Font Info:    ... okay on input line 26.
LaTeX Font Info:    Checking defaults for OMS/cmsy/m/n on input line 26.
LaTeX Font Info:    ... okay on input line 26.
LaTeX Font Info:    Checking defaults for OMX/cmex/m/n on input line 26.
LaTeX Font Info:    ... okay on input line 26.
LaTeX Font Info:    Checking defaults for U/cmr/m/n on input line 26.
LaTeX Font Info:    ... okay on input line 26.
LaTeX Font Info:    Try loading font information for OMS+cmr on input line 45.

(/usr/local/texlive/2019/texmf-dist/tex/latex/base/omscmr.fd
File: omscmr.fd 2014/09/29 v2.5h Standard LaTeX font definitions
)
LaTeX Font Info:    Font shape `OMS/cmr/m/n' in size <8> not available
(Font)              Font shape `OMS/cmsy/m/n' tried instead on input line 45.
LaTeX Font Info:    Font shape `OMS/cmr/m/n' in size <6> not available
(Font)              Font shape `OMS/cmsy/m/n' tried instead on input line 45.
LaTeX Font Info:    Font shape `OMS/cmr/m/n' in size <10.95> not available
(Font)              Font shape `OMS/cmsy/m/n' tried instead on input line 85.
 [1

{/usr/local/texlive/2019/texmf-var/fonts/map/pdftex/updmap/pdftex.map}]
Overfull \hbox (45.65701pt too wide) detected at line 90
 []$[] [] \OML/cmm/m/it/10.95 Bid \OT1/cmr/m/n/10.95 = \OML/cmm/m/it/10.95  \O
T1/cmr/m/n/10.95 + \OML/cmm/m/it/10.95 ^^L[]Player[] \OT1/cmr/m/n/10.95 + \OML/
cmm/m/it/10.95 ^^L[]Gerry[] \OT1/cmr/m/n/10.95 + \OML/cmm/m/it/10.95 ^^L[]Gerry
[]Player[] \OT1/cmr/m/n/10.95 + \OML/cmm/m/it/10.95 ^^L[]Symm[] \OT1/cmr/m/n/10
.95 + \OML/cmm/m/it/10.95 ^^L[]Symm[]Player[]$ 
 []


Overfull \hbox (6.76389pt too wide) detected at line 94
 []$[] [] \OML/cmm/m/it/10.95 Bid \OT1/cmr/m/n/10.95 = \OML/cmm/m/it/10.95  \O
T1/cmr/m/n/10.95 + \OML/cmm/m/it/10.95 ^^L[]Advantage \OT1/cmr/m/n/10.95 + \OML
/cmm/m/it/10.95 ^^L[]Disadvantage \OT1/cmr/m/n/10.95 + \OML/cmm/m/it/10.95 ^^L[
]Symm[] \OT1/cmr/m/n/10.95 + \OML/cmm/m/it/10.95 ^^L[]Symm[] \OT1/cmr/m/n/10.95
 + \OML/cmm/m/it/10.95 ^^L[]Stage[]$ 
 []


Overfull \hbox (71.71938pt too wide) detected at line 94
 []$[] \OT1/cmr/m/n/10.95 + \OML/cmm/m/it/10.95 ^^L[]AdvantageStage[] \OT1/cmr/
m/n/10.95 + \OML/cmm/m/it/10.95 ^^L[]DisadvantageStage[] \OT1/cmr/m/n/10.95 + \
OML/cmm/m/it/10.95 ^^L[]Symm[]Stage[] \OT1/cmr/m/n/10.95 + \OML/cmm/m/it/10.95 
^^L[]Symm[]Stage[] \OT1/cmr/m/n/10.95 + \OML/cmm/m/it/10.95 "  $ 
 []


Underfull \vbox (badness 10000) has occurred while \output is active []

 [2]
Overfull \hbox (3.51553pt too wide) detected at line 99
 []$[] [] \OML/cmm/m/it/10.95 Bid \OT1/cmr/m/n/10.95 = \OML/cmm/m/it/10.95  \O
T1/cmr/m/n/10.95 + \OML/cmm/m/it/10.95 ^^L[]Advantage \OT1/cmr/m/n/10.95 + \OML
/cmm/m/it/10.95 ^^L[]Disadvantage \OT1/cmr/m/n/10.95 + \OML/cmm/m/it/10.95 ^^L[
]Symm[] \OT1/cmr/m/n/10.95 + \OML/cmm/m/it/10.95 ^^L[]Symm[] \OT1/cmr/m/n/10.95
 + \OML/cmm/m/it/10.95 ^^L[]Period$ 
 []


Overfull \hbox (58.72597pt too wide) detected at line 99
 []$[] \OT1/cmr/m/n/10.95 + \OML/cmm/m/it/10.95 ^^L[]AdvantagePeriod \OT1/cmr/m
/n/10.95 + \OML/cmm/m/it/10.95 ^^L[]DisadvantagePeriod \OT1/cmr/m/n/10.95 + \OM
L/cmm/m/it/10.95 ^^L[]Symm[]Period \OT1/cmr/m/n/10.95 + \OML/cmm/m/it/10.95 ^^L
[]Symm[]Period \OT1/cmr/m/n/10.95 + \OML/cmm/m/it/10.95 "  $ 
 []


Underfull \vbox (badness 5533) has occurred while \output is active []

 [3]
[4] [5] (./Results_section.aux) ) 
Here is how much of TeX's memory you used:
 1129 strings out of 492616
 14042 string characters out of 6129482
 84048 words of memory out of 5000000
 5095 multiletter control sequences out of 15000+600000
 10838 words of font info for 38 fonts, out of 8000000 for 9000
 1141 hyphenation exceptions out of 8191
 34i,9n,23p,2200b,273s stack positions out of 5000i,500n,10000p,200000b,80000s
</usr/local/texlive/2019/texmf-dist/fonts/type
1/public/amsfonts/cm/cmbx10.pfb></usr/local/texlive/2019/texmf-dist/fonts/type1
/public/amsfonts/cm/cmcsc10.pfb></usr/local/texlive/2019/texmf-dist/fonts/type1
/public/amsfonts/cm/cmmi10.pfb></usr/local/texlive/2019/texmf-dist/fonts/type1/
public/amsfonts/cm/cmmi8.pfb></usr/local/texlive/2019/texmf-dist/fonts/type1/pu
blic/amsfonts/cm/cmr10.pfb></usr/local/texlive/2019/texmf-dist/fonts/type1/publ
ic/amsfonts/cm/cmr6.pfb></usr/local/texlive/2019/texmf-dist/fonts/type1/public/
amsfonts/cm/cmr8.pfb></usr/local/texlive/2019/texmf-dist/fonts/type1/public/ams
fonts/cm/cmssbx10.pfb></usr/local/texlive/2019/texmf-dist/fonts/type1/public/am
sfonts/cm/cmsy10.pfb></usr/local/texlive/2019/texmf-dist/fonts/type1/public/ams
fonts/cm/cmsy6.pfb></usr/local/texlive/2019/texmf-dist/fonts/type1/public/amsfo
nts/cm/cmsy8.pfb></usr/local/texlive/2019/texmf-dist/fonts/type1/public/amsfont
s/cm/cmti10.pfb></usr/local/texlive/2019/texmf-dist/fonts/type1/public/amsfonts
/cm/cmti8.pfb>
Output written on Results_section.pdf (5 pages, 160571 bytes).
PDF statistics:
 72 PDF objects out of 1000 (max. 8388607)
 51 compressed objects within 1 object stream
 0 named destinations out of 1000 (max. 500000)
 1 words of extra memory for PDF output out of 10000 (max. 10000000)

